<html xmlns:math="http://exslt.org/math" xmlns:testng="http://testng.org">
   <head>
      <title>TestNG Results</title>
      <meta http-equiv="content-type" content="text/html; charset=utf-8"></meta>
      <meta http-equiv="pragma" content="no-cache"></meta>
      <meta http-equiv="cache-control" content="max-age=0"></meta>
      <meta http-equiv="cache-control" content="no-cache"></meta>
      <meta http-equiv="cache-control" content="no-store"></meta>
      <LINK rel="stylesheet" href="style.css"></LINK>
      <script type="text/javascript" src="main.js"></script>
   </head>
   <body>
      <table width="100%" style="font-size: 16px; margin-bottom: 10px;" cellspacing="1">
         <tr>
            <td width="100%">
               All methods in suite
               
               <b>Suite1</b>
            </td>
            <td style="background-color: #FFBBBB; padding: 3px 3px 3px 0;" align="center">
               <div style="width: 50px;">3</div>
            </td>
            <td style="background-color: lightgreen; padding: 3px 3px 3px 0;" align="center">
               <div style="width: 50px;">2</div>
            </td>
            <td style="background-color: #FFFFBB; padding: 3px 3px 3px 0;" align="center">
               <div style="width: 50px;">0</div>
            </td>
            <td align="center" style="background-color: #eaf0f7; padding: 3px 3px 3px 0;">
               <div style="width: 50px;">5</div>
            </td>
            <td align="center"
                style="font-weight: bold; background-color: #eaf0f7; padding: 3px 3px 3px 0;">
               <div style="width: 50px;">40%</div>
            </td>
         </tr>
      </table>
      <div style="width: 200px;">
         <label for="groupMethodsCheckBox" style="font-weight: bold; margin: 0;">
            <input id="groupMethodsCheckBox" type="checkbox" onclick="switchTestMethodsView(this)"></input>
            Group by class
            
         </label>
         <br></br>
         <label for="methodsFilter_ALL" style="font-weight: bold; margin: 0;">
            <input id="methodsFilter_ALL" type="checkbox"
                   onclick="testMethodsFilterChanged(this, 'ALL')"></input>
            All
            
         </label>
      </div>
      <label for="methodsFilter_FAIL" style="margin-left: 20px;">
         <input id="methodsFilter_FAIL" type="checkbox"
                onclick="testMethodsFilterChanged(this, 'FAIL')"
                checked=""></input>
         Failed
         
      </label>
      <label for="methodsFilter_PASS">
         <input id="methodsFilter_PASS" type="checkbox"
                onclick="testMethodsFilterChanged(this, 'PASS')"
                checked=""></input>
         Passed
         
      </label>
      <label for="methodsFilter_SKIP">
         <input id="methodsFilter_SKIP" type="checkbox"
                onclick="testMethodsFilterChanged(this, 'SKIP')"
                checked=""></input>
         Skipped
         
      </label>
      <label for="methodsFilter_CONF">
         <input id="methodsFilter_CONF" type="checkbox"
                onclick="testMethodsFilterChanged(this, 'CONF')"></input>
         Config
         
      </label>
      <br></br>
      <div id="testMethodsByStatus">
         <table class="testMethodsTable" cellpadding="0" cellspacing="0">
            <tr class="methodsTableHeader">
               <td width="100%">Name</td>
               <td nowrap="true">Started</td>
               <td nowrap="true">Duration</td>
               <td>Exception</td>
            </tr>
            <tr id="com.webtest.testCases.LoginTest_test2_byStatus_failed_FAIL1_row"
                class="testMethodStatusFAIL">
               <td width="100%" class="firstMethodCell">
                  <a onclick="toggleDetailsVisibility('com.webtest.testCases.LoginTest_test2_byStatus_failed_FAIL1_details')">test2()</a>
               </td>
               <td nowrap="true">18:39:18</td>
               <td nowrap="true" align="right">1 ms
                  
               </td>
               <td nowrap="true">
                  <a onclick="toggleDetailsVisibility('com.webtest.testCases.LoginTest_test2_byStatus_failed_FAIL1_exception')">java.lang.AssertionError: 
                     expected [2] but found [1]
                     
                  </a>
                   
                  
               </td>
            </tr>
            <tr>
               <td colspan="4" class="detailsBox">
                  <div id="com.webtest.testCases.LoginTest_test2_byStatus_failed_FAIL1_details"
                       class="testMethodDetails">
                     <div>
                        <b>Name: </b>test2
                     </div>
                     <div>
                        <b>Signature: </b>test2()[pri:0, instance:com.webtest.testCases.LoginTest@1810399e]
                     </div>
                     <div>
                        <b>Start time: </b>18:39:18
                     </div>
                     <div>
                        <b>End time: </b>18:39:18
                     </div>
                     <div>
                        <b>Duration: </b>1 ms
                        
                     </div>
                  </div>
               </td>
            </tr>
            <tr>
               <td colspan="4" class="detailsBox">
                  <div id="com.webtest.testCases.LoginTest_test2_byStatus_failed_FAIL1_exception"
                       class="testMethodDetails">
                     <pre style="padding: 5px; margin: 0;">java.lang.AssertionError: expected [2] but found [1]
                        at org.testng.Assert.fail(Assert.java:97)
                        at org.testng.Assert.assertEqualsImpl(Assert.java:136)
                        at org.testng.Assert.assertEquals(Assert.java:118)
                        at org.testng.Assert.assertEquals(Assert.java:839)
                        at org.testng.Assert.assertEquals(Assert.java:849)
                        at com.webtest.testCases.LoginTest.test2(LoginTest.java:32)
                        at sun.reflect.NativeMethodAccessorImpl.invoke0(Native Method)
                        at sun.reflect.NativeMethodAccessorImpl.invoke(NativeMethodAccessorImpl.java:62)
                        at sun.reflect.DelegatingMethodAccessorImpl.invoke(DelegatingMethodAccessorImpl.java:43)
                        at java.lang.reflect.Method.invoke(Method.java:498)
                        at org.testng.internal.MethodInvocationHelper.invokeMethod(MethodInvocationHelper.java:134)
                        at org.testng.internal.TestInvoker.invokeMethod(TestInvoker.java:597)
                        at org.testng.internal.TestInvoker.invokeTestMethod(TestInvoker.java:173)
                        at org.testng.internal.MethodRunner.runInSequence(MethodRunner.java:46)
                        at org.testng.internal.TestInvoker$MethodInvocationAgent.invoke(TestInvoker.java:816)
                        at org.testng.internal.TestInvoker.invokeTestMethods(TestInvoker.java:146)
                        at org.testng.internal.TestMethodWorker.invokeTestMethods(TestMethodWorker.java:146)
                        at org.testng.internal.TestMethodWorker.run(TestMethodWorker.java:128)
                        at java.util.ArrayList.forEach(ArrayList.java:1257)
                        at org.testng.TestRunner.privateRun(TestRunner.java:766)
                        at org.testng.TestRunner.run(TestRunner.java:587)
                        at org.testng.SuiteRunner.runTest(SuiteRunner.java:384)
                        at org.testng.SuiteRunner.runSequentially(SuiteRunner.java:378)
                        at org.testng.SuiteRunner.privateRun(SuiteRunner.java:337)
                        at org.testng.SuiteRunner.run(SuiteRunner.java:286)
                        at org.testng.SuiteRunnerWorker.runSuite(SuiteRunnerWorker.java:53)
                        at org.testng.SuiteRunnerWorker.run(SuiteRunnerWorker.java:96)
                        at org.testng.TestNG.runSuitesSequentially(TestNG.java:1187)
                        at org.testng.TestNG.runSuitesLocally(TestNG.java:1109)
                        at org.testng.TestNG.runSuites(TestNG.java:1039)
                        at org.testng.TestNG.run(TestNG.java:1007)
                        at org.testng.TestNG.privateMain(TestNG.java:1336)
                        at org.testng.TestNG.main(TestNG.java:1304)
                     </pre>
                  </div>
               </td>
            </tr>
            <tr id="com.webtest.testCases.LoginTest_test3_byStatus_failed_FAIL2_row"
                class="testMethodStatusFAIL">
               <td width="100%" class="firstMethodCell">
                  <a onclick="toggleDetailsVisibility('com.webtest.testCases.LoginTest_test3_byStatus_failed_FAIL2_details')">test3()</a>
               </td>
               <td nowrap="true">18:39:18</td>
               <td nowrap="true" align="right">0 ms
                  
               </td>
               <td nowrap="true">
                  <a onclick="toggleDetailsVisibility('com.webtest.testCases.LoginTest_test3_byStatus_failed_FAIL2_exception')">java.lang.AssertionError: 
                     expected [3] but found [1]
                     
                  </a>
                   
                  
               </td>
            </tr>
            <tr>
               <td colspan="4" class="detailsBox">
                  <div id="com.webtest.testCases.LoginTest_test3_byStatus_failed_FAIL2_details"
                       class="testMethodDetails">
                     <div>
                        <b>Name: </b>test3
                     </div>
                     <div>
                        <b>Signature: </b>test3()[pri:0, instance:com.webtest.testCases.LoginTest@1810399e]
                     </div>
                     <div>
                        <b>Start time: </b>18:39:18
                     </div>
                     <div>
                        <b>End time: </b>18:39:18
                     </div>
                     <div>
                        <b>Duration: </b>0 ms
                        
                     </div>
                  </div>
               </td>
            </tr>
            <tr>
               <td colspan="4" class="detailsBox">
                  <div id="com.webtest.testCases.LoginTest_test3_byStatus_failed_FAIL2_exception"
                       class="testMethodDetails">
                     <pre style="padding: 5px; margin: 0;">java.lang.AssertionError: expected [3] but found [1]
                        at org.testng.Assert.fail(Assert.java:97)
                        at org.testng.Assert.assertEqualsImpl(Assert.java:136)
                        at org.testng.Assert.assertEquals(Assert.java:118)
                        at org.testng.Assert.assertEquals(Assert.java:839)
                        at org.testng.Assert.assertEquals(Assert.java:849)
                        at com.webtest.testCases.LoginTest.test3(LoginTest.java:36)
                        at sun.reflect.NativeMethodAccessorImpl.invoke0(Native Method)
                        at sun.reflect.NativeMethodAccessorImpl.invoke(NativeMethodAccessorImpl.java:62)
                        at sun.reflect.DelegatingMethodAccessorImpl.invoke(DelegatingMethodAccessorImpl.java:43)
                        at java.lang.reflect.Method.invoke(Method.java:498)
                        at org.testng.internal.MethodInvocationHelper.invokeMethod(MethodInvocationHelper.java:134)
                        at org.testng.internal.TestInvoker.invokeMethod(TestInvoker.java:597)
                        at org.testng.internal.TestInvoker.invokeTestMethod(TestInvoker.java:173)
                        at org.testng.internal.MethodRunner.runInSequence(MethodRunner.java:46)
                        at org.testng.internal.TestInvoker$MethodInvocationAgent.invoke(TestInvoker.java:816)
                        at org.testng.internal.TestInvoker.invokeTestMethods(TestInvoker.java:146)
                        at org.testng.internal.TestMethodWorker.invokeTestMethods(TestMethodWorker.java:146)
                        at org.testng.internal.TestMethodWorker.run(TestMethodWorker.java:128)
                        at java.util.ArrayList.forEach(ArrayList.java:1257)
                        at org.testng.TestRunner.privateRun(TestRunner.java:766)
                        at org.testng.TestRunner.run(TestRunner.java:587)
                        at org.testng.SuiteRunner.runTest(SuiteRunner.java:384)
                        at org.testng.SuiteRunner.runSequentially(SuiteRunner.java:378)
                        at org.testng.SuiteRunner.privateRun(SuiteRunner.java:337)
                        at org.testng.SuiteRunner.run(SuiteRunner.java:286)
                        at org.testng.SuiteRunnerWorker.runSuite(SuiteRunnerWorker.java:53)
                        at org.testng.SuiteRunnerWorker.run(SuiteRunnerWorker.java:96)
                        at org.testng.TestNG.runSuitesSequentially(TestNG.java:1187)
                        at org.testng.TestNG.runSuitesLocally(TestNG.java:1109)
                        at org.testng.TestNG.runSuites(TestNG.java:1039)
                        at org.testng.TestNG.run(TestNG.java:1007)
                        at org.testng.TestNG.privateMain(TestNG.java:1336)
                        at org.testng.TestNG.main(TestNG.java:1304)
                     </pre>
                  </div>
               </td>
            </tr>
            <tr id="com.webtest.testCases.LoginTest_test_login_byStatus_failed_FAIL3_row"
                class="testMethodStatusFAIL">
               <td width="100%" class="firstMethodCell">
                  <a onclick="toggleDetailsVisibility('com.webtest.testCases.LoginTest_test_login_byStatus_failed_FAIL3_details')">test_login()</a>
               </td>
               <td nowrap="true">18:39:18</td>
               <td nowrap="true" align="right">7s
                  
               </td>
               <td nowrap="true">
                  <a onclick="toggleDetailsVisibility('com.webtest.testCases.LoginTest_test_login_byStatus_failed_FAIL3_exception')">java.lang.AssertionError: 
                     expected [true] but found [false]
                     
                  </a>
                   
                  
               </td>
            </tr>
            <tr>
               <td colspan="4" class="detailsBox">
                  <div id="com.webtest.testCases.LoginTest_test_login_byStatus_failed_FAIL3_details"
                       class="testMethodDetails">
                     <div>
                        <b>Name: </b>test_login
                     </div>
                     <div>
                        <b>Signature: </b>test_login()[pri:0, instance:com.webtest.testCases.LoginTest@1810399e]
                     </div>
                     <div>
                        <b>Start time: </b>18:39:18
                     </div>
                     <div>
                        <b>End time: </b>18:39:25
                     </div>
                     <div>
                        <b>Duration: </b>7s
                        
                     </div>
                  </div>
               </td>
            </tr>
            <tr>
               <td colspan="4" class="detailsBox">
                  <div id="com.webtest.testCases.LoginTest_test_login_byStatus_failed_FAIL3_exception"
                       class="testMethodDetails">
                     <pre style="padding: 5px; margin: 0;">java.lang.AssertionError: expected [true] but found [false]
                        at org.testng.Assert.fail(Assert.java:97)
                        at org.testng.Assert.failNotEquals(Assert.java:969)
                        at org.testng.Assert.assertTrue(Assert.java:43)
                        at org.testng.Assert.assertTrue(Assert.java:53)
                        at com.webtest.testCases.LoginTest.test_login(LoginTest.java:24)
                        at sun.reflect.NativeMethodAccessorImpl.invoke0(Native Method)
                        at sun.reflect.NativeMethodAccessorImpl.invoke(NativeMethodAccessorImpl.java:62)
                        at sun.reflect.DelegatingMethodAccessorImpl.invoke(DelegatingMethodAccessorImpl.java:43)
                        at java.lang.reflect.Method.invoke(Method.java:498)
                        at org.testng.internal.MethodInvocationHelper.invokeMethod(MethodInvocationHelper.java:134)
                        at org.testng.internal.TestInvoker.invokeMethod(TestInvoker.java:597)
                        at org.testng.internal.TestInvoker.invokeTestMethod(TestInvoker.java:173)
                        at org.testng.internal.MethodRunner.runInSequence(MethodRunner.java:46)
                        at org.testng.internal.TestInvoker$MethodInvocationAgent.invoke(TestInvoker.java:816)
                        at org.testng.internal.TestInvoker.invokeTestMethods(TestInvoker.java:146)
                        at org.testng.internal.TestMethodWorker.invokeTestMethods(TestMethodWorker.java:146)
                        at org.testng.internal.TestMethodWorker.run(TestMethodWorker.java:128)
                        at java.util.ArrayList.forEach(ArrayList.java:1257)
                        at org.testng.TestRunner.privateRun(TestRunner.java:766)
                        at org.testng.TestRunner.run(TestRunner.java:587)
                        at org.testng.SuiteRunner.runTest(SuiteRunner.java:384)
                        at org.testng.SuiteRunner.runSequentially(SuiteRunner.java:378)
                        at org.testng.SuiteRunner.privateRun(SuiteRunner.java:337)
                        at org.testng.SuiteRunner.run(SuiteRunner.java:286)
                        at org.testng.SuiteRunnerWorker.runSuite(SuiteRunnerWorker.java:53)
                        at org.testng.SuiteRunnerWorker.run(SuiteRunnerWorker.java:96)
                        at org.testng.TestNG.runSuitesSequentially(TestNG.java:1187)
                        at org.testng.TestNG.runSuitesLocally(TestNG.java:1109)
                        at org.testng.TestNG.runSuites(TestNG.java:1039)
                        at org.testng.TestNG.run(TestNG.java:1007)
                        at org.testng.TestNG.privateMain(TestNG.java:1336)
                        at org.testng.TestNG.main(TestNG.java:1304)
                     </pre>
                  </div>
               </td>
            </tr>
            <tr id="com.webtest.testCases.LoginTest_doBeforeClass_byStatus_passed_PASS1_row"
                class="testMethodStatusPASS testMethodStatusCONF">
               <td width="100%" class="firstMethodCell">
                  <a onclick="toggleDetailsVisibility('com.webtest.testCases.LoginTest_doBeforeClass_byStatus_passed_PASS1_details')">doBeforeClass()</a>
               </td>
               <td nowrap="true">18:39:08</td>
               <td nowrap="true" align="right">10s
                  
               </td>
               <td nowrap="true">
                   
                  
               </td>
            </tr>
            <tr>
               <td colspan="4" class="detailsBox">
                  <div id="com.webtest.testCases.LoginTest_doBeforeClass_byStatus_passed_PASS1_details"
                       class="testMethodDetails">
                     <div>
                        <b>Name: </b>doBeforeClass
                     </div>
                     <div>
                        <b>Signature: </b>doBeforeClass()[pri:0, instance:com.webtest.testCases.LoginTest@1810399e]
                     </div>
                     <div>
                        <b>Start time: </b>18:39:08
                     </div>
                     <div>
                        <b>End time: </b>18:39:18
                     </div>
                     <div>
                        <b>Duration: </b>10s
                        
                     </div>
                  </div>
               </td>
            </tr>
            <tr></tr>
            <tr id="com.webtest.testCases.LoginTest_test1_byStatus_passed_PASS2_row"
                class="testMethodStatusPASS">
               <td width="100%" class="firstMethodCell">
                  <a onclick="toggleDetailsVisibility('com.webtest.testCases.LoginTest_test1_byStatus_passed_PASS2_details')">test1()</a>
               </td>
               <td nowrap="true">18:39:18</td>
               <td nowrap="true" align="right">3 ms
                  
               </td>
               <td nowrap="true">
                   
                  
               </td>
            </tr>
            <tr>
               <td colspan="4" class="detailsBox">
                  <div id="com.webtest.testCases.LoginTest_test1_byStatus_passed_PASS2_details"
                       class="testMethodDetails">
                     <div>
                        <b>Name: </b>test1
                     </div>
                     <div>
                        <b>Signature: </b>test1()[pri:0, instance:com.webtest.testCases.LoginTest@1810399e]
                     </div>
                     <div>
                        <b>Start time: </b>18:39:18
                     </div>
                     <div>
                        <b>End time: </b>18:39:18
                     </div>
                     <div>
                        <b>Duration: </b>3 ms
                        
                     </div>
                  </div>
               </td>
            </tr>
            <tr></tr>
            <tr id="com.webtest.testCases.LoginTest_test4_byStatus_passed_PASS3_row"
                class="testMethodStatusPASS">
               <td width="100%" class="firstMethodCell">
                  <a onclick="toggleDetailsVisibility('com.webtest.testCases.LoginTest_test4_byStatus_passed_PASS3_details')">test4()</a>
               </td>
               <td nowrap="true">18:39:18</td>
               <td nowrap="true" align="right">0 ms
                  
               </td>
               <td nowrap="true">
                   
                  
               </td>
            </tr>
            <tr>
               <td colspan="4" class="detailsBox">
                  <div id="com.webtest.testCases.LoginTest_test4_byStatus_passed_PASS3_details"
                       class="testMethodDetails">
                     <div>
                        <b>Name: </b>test4
                     </div>
                     <div>
                        <b>Signature: </b>test4()[pri:0, instance:com.webtest.testCases.LoginTest@1810399e]
                     </div>
                     <div>
                        <b>Start time: </b>18:39:18
                     </div>
                     <div>
                        <b>End time: </b>18:39:18
                     </div>
                     <div>
                        <b>Duration: </b>0 ms
                        
                     </div>
                  </div>
               </td>
            </tr>
            <tr></tr>
            <tr id="com.webtest.testCases.LoginTest_doAfterMethod_byStatus_passed_PASS4_row"
                class="testMethodStatusPASS testMethodStatusCONF">
               <td width="100%" class="firstMethodCell">
                  <a onclick="toggleDetailsVisibility('com.webtest.testCases.LoginTest_doAfterMethod_byStatus_passed_PASS4_details')">doAfterMethod()</a>
               </td>
               <td nowrap="true">18:39:25</td>
               <td nowrap="true" align="right">1s
                  
               </td>
               <td nowrap="true">
                   
                  
               </td>
            </tr>
            <tr>
               <td colspan="4" class="detailsBox">
                  <div id="com.webtest.testCases.LoginTest_doAfterMethod_byStatus_passed_PASS4_details"
                       class="testMethodDetails">
                     <div>
                        <b>Name: </b>doAfterMethod
                     </div>
                     <div>
                        <b>Signature: </b>doAfterMethod()[pri:0, instance:com.webtest.testCases.LoginTest@1810399e]
                     </div>
                     <div>
                        <b>Start time: </b>18:39:25
                     </div>
                     <div>
                        <b>End time: </b>18:39:27
                     </div>
                     <div>
                        <b>Duration: </b>1s
                        
                     </div>
                  </div>
               </td>
            </tr>
            <tr></tr>
         </table>
      </div>
      <div id="testMethodsByClass" style="display: none;">
         <table class="testMethodsTable" cellpadding="0" cellspacing="0">
            <tr>
               <td colspan="4">
                  <h3 style="display: inline;">com.webtest.testCases.LoginTest</h3>
               </td>
            </tr>
            <tr class="methodsTableHeader">
               <td width="100%">Name</td>
               <td nowrap="true">Started</td>
               <td nowrap="true">Duration</td>
               <td>Exception</td>
            </tr>
            <tr id="com.webtest.testCases.LoginTest_doBeforeClass_byClass_PASS1_row"
                class="testMethodStatusPASS testMethodStatusCONF">
               <td width="100%" class="firstMethodCell">
                  <a onclick="toggleDetailsVisibility('com.webtest.testCases.LoginTest_doBeforeClass_byClass_PASS1_details')">doBeforeClass()</a>
               </td>
               <td nowrap="true">18:39:08</td>
               <td nowrap="true" align="right">10s
                  
               </td>
               <td nowrap="true">
                   
                  
               </td>
            </tr>
            <tr>
               <td colspan="4" class="detailsBox">
                  <div id="com.webtest.testCases.LoginTest_doBeforeClass_byClass_PASS1_details"
                       class="testMethodDetails">
                     <div>
                        <b>Name: </b>doBeforeClass
                     </div>
                     <div>
                        <b>Signature: </b>doBeforeClass()[pri:0, instance:com.webtest.testCases.LoginTest@1810399e]
                     </div>
                     <div>
                        <b>Start time: </b>18:39:08
                     </div>
                     <div>
                        <b>End time: </b>18:39:18
                     </div>
                     <div>
                        <b>Duration: </b>10s
                        
                     </div>
                  </div>
               </td>
            </tr>
            <tr></tr>
            <tr id="com.webtest.testCases.LoginTest_test1_byClass_PASS2_row"
                class="testMethodStatusPASS">
               <td width="100%" class="firstMethodCell">
                  <a onclick="toggleDetailsVisibility('com.webtest.testCases.LoginTest_test1_byClass_PASS2_details')">test1()</a>
               </td>
               <td nowrap="true">18:39:18</td>
               <td nowrap="true" align="right">3 ms
                  
               </td>
               <td nowrap="true">
                   
                  
               </td>
            </tr>
            <tr>
               <td colspan="4" class="detailsBox">
                  <div id="com.webtest.testCases.LoginTest_test1_byClass_PASS2_details"
                       class="testMethodDetails">
                     <div>
                        <b>Name: </b>test1
                     </div>
                     <div>
                        <b>Signature: </b>test1()[pri:0, instance:com.webtest.testCases.LoginTest@1810399e]
                     </div>
                     <div>
                        <b>Start time: </b>18:39:18
                     </div>
                     <div>
                        <b>End time: </b>18:39:18
                     </div>
                     <div>
                        <b>Duration: </b>3 ms
                        
                     </div>
                  </div>
               </td>
            </tr>
            <tr></tr>
            <tr id="com.webtest.testCases.LoginTest_test2_byClass_FAIL3_row"
                class="testMethodStatusFAIL">
               <td width="100%" class="firstMethodCell">
                  <a onclick="toggleDetailsVisibility('com.webtest.testCases.LoginTest_test2_byClass_FAIL3_details')">test2()</a>
               </td>
               <td nowrap="true">18:39:18</td>
               <td nowrap="true" align="right">1 ms
                  
               </td>
               <td nowrap="true">
                  <a onclick="toggleDetailsVisibility('com.webtest.testCases.LoginTest_test2_byClass_FAIL3_exception')">java.lang.AssertionError: 
                     expected [2] but found [1]
                     
                  </a>
                   
                  
               </td>
            </tr>
            <tr>
               <td colspan="4" class="detailsBox">
                  <div id="com.webtest.testCases.LoginTest_test2_byClass_FAIL3_details"
                       class="testMethodDetails">
                     <div>
                        <b>Name: </b>test2
                     </div>
                     <div>
                        <b>Signature: </b>test2()[pri:0, instance:com.webtest.testCases.LoginTest@1810399e]
                     </div>
                     <div>
                        <b>Start time: </b>18:39:18
                     </div>
                     <div>
                        <b>End time: </b>18:39:18
                     </div>
                     <div>
                        <b>Duration: </b>1 ms
                        
                     </div>
                  </div>
               </td>
            </tr>
            <tr>
               <td colspan="4" class="detailsBox">
                  <div id="com.webtest.testCases.LoginTest_test2_byClass_FAIL3_exception"
                       class="testMethodDetails">
                     <pre style="padding: 5px; margin: 0;">java.lang.AssertionError: expected [2] but found [1]
                        at org.testng.Assert.fail(Assert.java:97)
                        at org.testng.Assert.assertEqualsImpl(Assert.java:136)
                        at org.testng.Assert.assertEquals(Assert.java:118)
                        at org.testng.Assert.assertEquals(Assert.java:839)
                        at org.testng.Assert.assertEquals(Assert.java:849)
                        at com.webtest.testCases.LoginTest.test2(LoginTest.java:32)
                        at sun.reflect.NativeMethodAccessorImpl.invoke0(Native Method)
                        at sun.reflect.NativeMethodAccessorImpl.invoke(NativeMethodAccessorImpl.java:62)
                        at sun.reflect.DelegatingMethodAccessorImpl.invoke(DelegatingMethodAccessorImpl.java:43)
                        at java.lang.reflect.Method.invoke(Method.java:498)
                        at org.testng.internal.MethodInvocationHelper.invokeMethod(MethodInvocationHelper.java:134)
                        at org.testng.internal.TestInvoker.invokeMethod(TestInvoker.java:597)
                        at org.testng.internal.TestInvoker.invokeTestMethod(TestInvoker.java:173)
                        at org.testng.internal.MethodRunner.runInSequence(MethodRunner.java:46)
                        at org.testng.internal.TestInvoker$MethodInvocationAgent.invoke(TestInvoker.java:816)
                        at org.testng.internal.TestInvoker.invokeTestMethods(TestInvoker.java:146)
                        at org.testng.internal.TestMethodWorker.invokeTestMethods(TestMethodWorker.java:146)
                        at org.testng.internal.TestMethodWorker.run(TestMethodWorker.java:128)
                        at java.util.ArrayList.forEach(ArrayList.java:1257)
                        at org.testng.TestRunner.privateRun(TestRunner.java:766)
                        at org.testng.TestRunner.run(TestRunner.java:587)
                        at org.testng.SuiteRunner.runTest(SuiteRunner.java:384)
                        at org.testng.SuiteRunner.runSequentially(SuiteRunner.java:378)
                        at org.testng.SuiteRunner.privateRun(SuiteRunner.java:337)
                        at org.testng.SuiteRunner.run(SuiteRunner.java:286)
                        at org.testng.SuiteRunnerWorker.runSuite(SuiteRunnerWorker.java:53)
                        at org.testng.SuiteRunnerWorker.run(SuiteRunnerWorker.java:96)
                        at org.testng.TestNG.runSuitesSequentially(TestNG.java:1187)
                        at org.testng.TestNG.runSuitesLocally(TestNG.java:1109)
                        at org.testng.TestNG.runSuites(TestNG.java:1039)
                        at org.testng.TestNG.run(TestNG.java:1007)
                        at org.testng.TestNG.privateMain(TestNG.java:1336)
                        at org.testng.TestNG.main(TestNG.java:1304)
                     </pre>
                  </div>
               </td>
            </tr>
            <tr id="com.webtest.testCases.LoginTest_test3_byClass_FAIL4_row"
                class="testMethodStatusFAIL">
               <td width="100%" class="firstMethodCell">
                  <a onclick="toggleDetailsVisibility('com.webtest.testCases.LoginTest_test3_byClass_FAIL4_details')">test3()</a>
               </td>
               <td nowrap="true">18:39:18</td>
               <td nowrap="true" align="right">0 ms
                  
               </td>
               <td nowrap="true">
                  <a onclick="toggleDetailsVisibility('com.webtest.testCases.LoginTest_test3_byClass_FAIL4_exception')">java.lang.AssertionError: 
                     expected [3] but found [1]
                     
                  </a>
                   
                  
               </td>
            </tr>
            <tr>
               <td colspan="4" class="detailsBox">
                  <div id="com.webtest.testCases.LoginTest_test3_byClass_FAIL4_details"
                       class="testMethodDetails">
                     <div>
                        <b>Name: </b>test3
                     </div>
                     <div>
                        <b>Signature: </b>test3()[pri:0, instance:com.webtest.testCases.LoginTest@1810399e]
                     </div>
                     <div>
                        <b>Start time: </b>18:39:18
                     </div>
                     <div>
                        <b>End time: </b>18:39:18
                     </div>
                     <div>
                        <b>Duration: </b>0 ms
                        
                     </div>
                  </div>
               </td>
            </tr>
            <tr>
               <td colspan="4" class="detailsBox">
                  <div id="com.webtest.testCases.LoginTest_test3_byClass_FAIL4_exception"
                       class="testMethodDetails">
                     <pre style="padding: 5px; margin: 0;">java.lang.AssertionError: expected [3] but found [1]
                        at org.testng.Assert.fail(Assert.java:97)
                        at org.testng.Assert.assertEqualsImpl(Assert.java:136)
                        at org.testng.Assert.assertEquals(Assert.java:118)
                        at org.testng.Assert.assertEquals(Assert.java:839)
                        at org.testng.Assert.assertEquals(Assert.java:849)
                        at com.webtest.testCases.LoginTest.test3(LoginTest.java:36)
                        at sun.reflect.NativeMethodAccessorImpl.invoke0(Native Method)
                        at sun.reflect.NativeMethodAccessorImpl.invoke(NativeMethodAccessorImpl.java:62)
                        at sun.reflect.DelegatingMethodAccessorImpl.invoke(DelegatingMethodAccessorImpl.java:43)
                        at java.lang.reflect.Method.invoke(Method.java:498)
                        at org.testng.internal.MethodInvocationHelper.invokeMethod(MethodInvocationHelper.java:134)
                        at org.testng.internal.TestInvoker.invokeMethod(TestInvoker.java:597)
                        at org.testng.internal.TestInvoker.invokeTestMethod(TestInvoker.java:173)
                        at org.testng.internal.MethodRunner.runInSequence(MethodRunner.java:46)
                        at org.testng.internal.TestInvoker$MethodInvocationAgent.invoke(TestInvoker.java:816)
                        at org.testng.internal.TestInvoker.invokeTestMethods(TestInvoker.java:146)
                        at org.testng.internal.TestMethodWorker.invokeTestMethods(TestMethodWorker.java:146)
                        at org.testng.internal.TestMethodWorker.run(TestMethodWorker.java:128)
                        at java.util.ArrayList.forEach(ArrayList.java:1257)
                        at org.testng.TestRunner.privateRun(TestRunner.java:766)
                        at org.testng.TestRunner.run(TestRunner.java:587)
                        at org.testng.SuiteRunner.runTest(SuiteRunner.java:384)
                        at org.testng.SuiteRunner.runSequentially(SuiteRunner.java:378)
                        at org.testng.SuiteRunner.privateRun(SuiteRunner.java:337)
                        at org.testng.SuiteRunner.run(SuiteRunner.java:286)
                        at org.testng.SuiteRunnerWorker.runSuite(SuiteRunnerWorker.java:53)
                        at org.testng.SuiteRunnerWorker.run(SuiteRunnerWorker.java:96)
                        at org.testng.TestNG.runSuitesSequentially(TestNG.java:1187)
                        at org.testng.TestNG.runSuitesLocally(TestNG.java:1109)
                        at org.testng.TestNG.runSuites(TestNG.java:1039)
                        at org.testng.TestNG.run(TestNG.java:1007)
                        at org.testng.TestNG.privateMain(TestNG.java:1336)
                        at org.testng.TestNG.main(TestNG.java:1304)
                     </pre>
                  </div>
               </td>
            </tr>
            <tr id="com.webtest.testCases.LoginTest_test4_byClass_PASS5_row"
                class="testMethodStatusPASS">
               <td width="100%" class="firstMethodCell">
                  <a onclick="toggleDetailsVisibility('com.webtest.testCases.LoginTest_test4_byClass_PASS5_details')">test4()</a>
               </td>
               <td nowrap="true">18:39:18</td>
               <td nowrap="true" align="right">0 ms
                  
               </td>
               <td nowrap="true">
                   
                  
               </td>
            </tr>
            <tr>
               <td colspan="4" class="detailsBox">
                  <div id="com.webtest.testCases.LoginTest_test4_byClass_PASS5_details"
                       class="testMethodDetails">
                     <div>
                        <b>Name: </b>test4
                     </div>
                     <div>
                        <b>Signature: </b>test4()[pri:0, instance:com.webtest.testCases.LoginTest@1810399e]
                     </div>
                     <div>
                        <b>Start time: </b>18:39:18
                     </div>
                     <div>
                        <b>End time: </b>18:39:18
                     </div>
                     <div>
                        <b>Duration: </b>0 ms
                        
                     </div>
                  </div>
               </td>
            </tr>
            <tr></tr>
            <tr id="com.webtest.testCases.LoginTest_test_login_byClass_FAIL6_row"
                class="testMethodStatusFAIL">
               <td width="100%" class="firstMethodCell">
                  <a onclick="toggleDetailsVisibility('com.webtest.testCases.LoginTest_test_login_byClass_FAIL6_details')">test_login()</a>
               </td>
               <td nowrap="true">18:39:18</td>
               <td nowrap="true" align="right">7s
                  
               </td>
               <td nowrap="true">
                  <a onclick="toggleDetailsVisibility('com.webtest.testCases.LoginTest_test_login_byClass_FAIL6_exception')">java.lang.AssertionError: 
                     expected [true] but found [false]
                     
                  </a>
                   
                  
               </td>
            </tr>
            <tr>
               <td colspan="4" class="detailsBox">
                  <div id="com.webtest.testCases.LoginTest_test_login_byClass_FAIL6_details"
                       class="testMethodDetails">
                     <div>
                        <b>Name: </b>test_login
                     </div>
                     <div>
                        <b>Signature: </b>test_login()[pri:0, instance:com.webtest.testCases.LoginTest@1810399e]
                     </div>
                     <div>
                        <b>Start time: </b>18:39:18
                     </div>
                     <div>
                        <b>End time: </b>18:39:25
                     </div>
                     <div>
                        <b>Duration: </b>7s
                        
                     </div>
                  </div>
               </td>
            </tr>
            <tr>
               <td colspan="4" class="detailsBox">
                  <div id="com.webtest.testCases.LoginTest_test_login_byClass_FAIL6_exception"
                       class="testMethodDetails">
                     <pre style="padding: 5px; margin: 0;">java.lang.AssertionError: expected [true] but found [false]
                        at org.testng.Assert.fail(Assert.java:97)
                        at org.testng.Assert.failNotEquals(Assert.java:969)
                        at org.testng.Assert.assertTrue(Assert.java:43)
                        at org.testng.Assert.assertTrue(Assert.java:53)
                        at com.webtest.testCases.LoginTest.test_login(LoginTest.java:24)
                        at sun.reflect.NativeMethodAccessorImpl.invoke0(Native Method)
                        at sun.reflect.NativeMethodAccessorImpl.invoke(NativeMethodAccessorImpl.java:62)
                        at sun.reflect.DelegatingMethodAccessorImpl.invoke(DelegatingMethodAccessorImpl.java:43)
                        at java.lang.reflect.Method.invoke(Method.java:498)
                        at org.testng.internal.MethodInvocationHelper.invokeMethod(MethodInvocationHelper.java:134)
                        at org.testng.internal.TestInvoker.invokeMethod(TestInvoker.java:597)
                        at org.testng.internal.TestInvoker.invokeTestMethod(TestInvoker.java:173)
                        at org.testng.internal.MethodRunner.runInSequence(MethodRunner.java:46)
                        at org.testng.internal.TestInvoker$MethodInvocationAgent.invoke(TestInvoker.java:816)
                        at org.testng.internal.TestInvoker.invokeTestMethods(TestInvoker.java:146)
                        at org.testng.internal.TestMethodWorker.invokeTestMethods(TestMethodWorker.java:146)
                        at org.testng.internal.TestMethodWorker.run(TestMethodWorker.java:128)
                        at java.util.ArrayList.forEach(ArrayList.java:1257)
                        at org.testng.TestRunner.privateRun(TestRunner.java:766)
                        at org.testng.TestRunner.run(TestRunner.java:587)
                        at org.testng.SuiteRunner.runTest(SuiteRunner.java:384)
                        at org.testng.SuiteRunner.runSequentially(SuiteRunner.java:378)
                        at org.testng.SuiteRunner.privateRun(SuiteRunner.java:337)
                        at org.testng.SuiteRunner.run(SuiteRunner.java:286)
                        at org.testng.SuiteRunnerWorker.runSuite(SuiteRunnerWorker.java:53)
                        at org.testng.SuiteRunnerWorker.run(SuiteRunnerWorker.java:96)
                        at org.testng.TestNG.runSuitesSequentially(TestNG.java:1187)
                        at org.testng.TestNG.runSuitesLocally(TestNG.java:1109)
                        at org.testng.TestNG.runSuites(TestNG.java:1039)
                        at org.testng.TestNG.run(TestNG.java:1007)
                        at org.testng.TestNG.privateMain(TestNG.java:1336)
                        at org.testng.TestNG.main(TestNG.java:1304)
                     </pre>
                  </div>
               </td>
            </tr>
            <tr id="com.webtest.testCases.LoginTest_doAfterMethod_byClass_PASS7_row"
                class="testMethodStatusPASS testMethodStatusCONF">
               <td width="100%" class="firstMethodCell">
                  <a onclick="toggleDetailsVisibility('com.webtest.testCases.LoginTest_doAfterMethod_byClass_PASS7_details')">doAfterMethod()</a>
               </td>
               <td nowrap="true">18:39:25</td>
               <td nowrap="true" align="right">1s
                  
               </td>
               <td nowrap="true">
                   
                  
               </td>
            </tr>
            <tr>
               <td colspan="4" class="detailsBox">
                  <div id="com.webtest.testCases.LoginTest_doAfterMethod_byClass_PASS7_details"
                       class="testMethodDetails">
                     <div>
                        <b>Name: </b>doAfterMethod
                     </div>
                     <div>
                        <b>Signature: </b>doAfterMethod()[pri:0, instance:com.webtest.testCases.LoginTest@1810399e]
                     </div>
                     <div>
                        <b>Start time: </b>18:39:25
                     </div>
                     <div>
                        <b>End time: </b>18:39:27
                     </div>
                     <div>
                        <b>Duration: </b>1s
                        
                     </div>
                  </div>
               </td>
            </tr>
            <tr></tr>
         </table>
         <br></br>
      </div>
      <div style="margin-top: 15px; color: gray; text-align: center; font-size: 9px;">
         Generated with
         
         <a href="http://code.google.com/p/testng-xslt/" style="color: #8888aa;"
            target="_blank">
            TestNG XSLT
            
         </a>
      </div>
   </body>
</html>